<?xml version="1.0" encoding="UTF-8"?>
<beans xmlns="http://www.springframework.org/schema/beans"
	xmlns:xsi="http://www.w3.org/2001/XMLSchema-instance" xmlns:jdbc="http://www.springframework.org/schema/jdbc"
	xmlns:context="http://www.springframework.org/schema/context"
	xsi:schemaLocation="http://www.springframework.org/schema/beans
                           http://www.springframework.org/schema/beans/spring-beans.xsd http://www.springframework.org/schema/jdbc http://www.springframework.org/schema/jdbc/spring-jdbc.xsd http://www.springframework.org/schema/context http://www.springframework.org/schema/context/spring-context.xsd">

	<!-- load H2 jdbc properties -->
	<context:property-placeholder location="classpath:hibernate.properties" />

	<!-- The below config shows how to use a completely managed embedded version 
		of H2 Uncomment it if you do not wish to configure H2 database settings manually. -->

	<bean id="dataSourceTest" class="org.h2.jdbcx.JdbcDataSource">
		<property name="URL" value="${jdbc.url}" />
		<property name="user" value="${jdbc.username}" />
		<property name="password" value="${jdbc.password}" />
	</bean>
	<!--  
	<jdbc:initialize-database data-source="dataSource"
			ignore-failures="DROPS">
		<jdbc:script location="classpath:schema.sql" />
		<jdbc:script location="classpath:test-data.sql" />
	</jdbc:initialize-database>
	-->
</beans>